<?xml version="1.0" encoding="UTF-8"?>
<!-- Generated by org.testng.reporters.JUnitReportReporter -->
<testsuite hostname="ANIL-PC" name="sample.testproject.App" tests="1" failures="0" timestamp="17 May 2016 04:21:06 GMT" time="23.259" errors="0">
  <testcase name="verifyTittle" time="23.259" classname="sample.testproject.App"/>
</testsuite> <!-- sample.testproject.App -->
